40erib
bd082015
bd08d2015
bd08d2015ljt
bd08d2015LJT
bd174708
bd17d4708
bd253941
bd25d3941
bd25d4655
bd25
bd262606
bd284211
bd28d4211
bd332642
bd33d2642
bd404032
bd40d4032
bd75325
bd75d325
bd82015
bd8
cd32blue
cd_32d241
cd32d9927
cd32
cd32red
ctioextinct
cygob2no9
eg21blue
eg21
eg21red
eg274blue
eg274
eg274red
eg81
f110blue
f110
f110red
f15
f25
f56blue
f56
f56red
f98
fagk_81d266_005
Feige110[1]
feige110
feige110_lowres
feige11
feige15
feige15_LJT
feige24
feige25
feige34
feige56
feige66
feige67
feige92
feige98
feige98LJT
g138_31
g13831
g158_100
g163_51
g163d51
g191b2b
g193_74
g19374
g24_9
g249
g4718
g60_54
g93_48
g9348
g9937
gd108
gd140
gd153
gd190
gd248
gd50
GD71[1]
gd71
grw705824
grw708247
grw70d5824
grw738031
h600blue
h600
h600red
hd109995
hd117880
hd161817
hd17520
hd192281
hd19445
hd217086
hd2857
hd60778
hd74721
hd84937
hd86986
hd93521
he3
hene
hilt102
hilt600
hiltner102
hiltner600
hr1544blue
hr1544
hr1544red
hr3454blue
hr3454
hr3454red
hr3982
hr4468blue
hr4468
hr4468red
hr4534
hr4963blue
hr4963
hr4963red
hr5191
hr5501blue
hr5501
hr5501red
hr5511
hr7001
hr718blue
hr718
hr718red
hr7596blue
hr7596
hr7596red
hr7950blue
hr7950
hr7950red
hr8634blue
hr8634
hr8634red
hr9087blue
hr9087
hr9087red
hz14
hz15
hz15LJT
hz21
hz29
hz2
hz43
hz44
hz4
hz7
kopf27
kopff27
kpnoextinct
l1020blue
l1020
l1020red
l13633
l151234b
l1512
l1788blue
l1788
l1788red
l2415blue
l2415
l2415red
l2511
l3218blue
l3218
l3218red
l377blue
l377
l377red
l3864blue
l3864
l3864red
l4364blue
l4364
l4364red
l4816blue
l4816
l4816red
l6248blue
l6248
l6248red
l7379blue
l7379
l7379red
l74546a
l74546
l745
l745red
l7987blue
l7987
l7987red
l8702
l9239blue
l9239
l9239red
l93080
l9491blue
l9491
l9491red
l97030
lb1240
lb227
lds235b
lds235
lds749b
lds749
LJextinct
ltt1020
ltt1788
ltt2415
ltt3218
ltt3864
ltt4364
ltt4816
ltt6248
ltt7379
ltt745
ltt7987
ltt9239
ltt9491
multi1m
multi4m
multi4mech
ngc7293
ngd71
pg0205134
pg0216032
pg0310149
pg0823546
PG0823
pg0846249
pg0934554
pg0939262
pg1121145
pg1545035
pg1545
pg1708602
pg1708
refYZN
Ref_YZN
ross627
ross640
rvf404
rvs404
s108
sa29130
sa95_42
sp2032
sp2341
ton573
w1346
w485a
wolf1346
wolf485a
wolf485
Zet17Cas
